Запущен клиент с парамертами: адрес сервера: 127.0.0.1, порт: 7777
Запущен клиент с парамертами: адрес сервера: 127.0.0.1, порт: 7777
Сформировано presence сообщение для пользователя Guest
Разбор сообщения от сервера: {'response': 200}
Принят ответ от сервера 200 : OK
Запущен клиент с парамертами: адрес сервера: 127.0.0.1, порт: 7777
Сформировано presence сообщение для пользователя Guest
Была вызвана функция create_presence c параметрами (), {}. Вызов из модуля __main__. Вызов из функции main().Вызов из функции main
Разбор сообщения от сервера: {'response': 200}
Была вызвана функция process_ans c параметрами ({'response': 200},), {}. Вызов из модуля __main__. Вызов из функции main().Вызов из функции main
Принят ответ от сервера 200 : OK
Была вызвана функция arg_parser c параметрами (), {}. Вызов из модуля __main__. Вызов из функции main().Вызов из функции main
Запущен клиент с парамертами: адрес сервера: 127.0.0.1, порт: 7777, режим работы: listen
Сформировано presence сообщение для пользователя Guest
Была вызвана функция create_presence c параметрами (), {}. Вызов из модуля __main__. Вызов из функции main().Вызов из функции main
Была вызвана функция arg_parser c параметрами (), {}. Вызов из модуля __main__. Вызов из функции main().Вызов из функции main
Запущен клиент с парамертами: адрес сервера: 127.0.0.1, порт: 7777, режим работы: listen
Была вызвана функция arg_parser c параметрами (), {}. Вызов из модуля __main__. Вызов из функции main().Вызов из функции main
Запущен клиент с парамертами: адрес сервера: 127.0.0.1, порт: 7777, режим работы: listen
Сформировано presence сообщение для пользователя Guest
Была вызвана функция create_presence c параметрами (), {}. Вызов из модуля __main__. Вызов из функции main().Вызов из функции main
Разбор сообщения от сервера: {'response': 200}
Была вызвана функция process_ans c параметрами ({'response': 200},), {}. Вызов из модуля __main__. Вызов из функции main().Вызов из функции main
Принят ответ от сервера 200 : OK
Была вызвана функция arg_parser c параметрами (), {}. Вызов из модуля __main__. Вызов из функции main().Вызов из функции main
Запущен клиент с парамертами: адрес сервера: 127.0.0.1, порт: 7777, режим работы: send
Сформировано presence сообщение для пользователя Guest
Была вызвана функция create_presence c параметрами (), {}. Вызов из модуля __main__. Вызов из функции main().Вызов из функции main
Разбор сообщения от сервера: {'response': 200}
Была вызвана функция process_ans c параметрами ({'response': 200},), {}. Вызов из модуля __main__. Вызов из функции main().Вызов из функции main
Принят ответ от сервера 200 : OK
Сформирован словарь сообщения: {'action': 'message', 'time': 1690469383.0298293, 'account_name': 'Guest', 'mess_text': 'sdfsdf'}
Была вызвана функция create_message c параметрами (<socket.socket fd=372, family=2, type=1, proto=0, laddr=('127.0.0.1', 58001), raddr=('127.0.0.1', 7777)>,), {}. Вызов из модуля __main__. Вызов из функции main().Вызов из функции main
Была вызвана функция arg_parser c параметрами (), {}. Вызов из модуля __main__. Вызов из функции main().Вызов из функции main
Запущен клиент с парамертами: адрес сервера: 127.0.0.1, порт: 7777, режим работы: listen
Сформировано presence сообщение для пользователя Guest
Была вызвана функция create_presence c параметрами (), {}. Вызов из модуля __main__. Вызов из функции main().Вызов из функции main
Разбор сообщения от сервера: {'response': 200}
Была вызвана функция process_ans c параметрами ({'response': 200},), {}. Вызов из модуля __main__. Вызов из функции main().Вызов из функции main
Принят ответ от сервера 200 : OK
Была вызвана функция arg_parser c параметрами (), {}. Вызов из модуля __main__. Вызов из функции main().Вызов из функции main
Запущен клиент с парамертами: адрес сервера: 127.0.0.1, порт: 7777, режим работы: send
Сформировано presence сообщение для пользователя Guest
Была вызвана функция create_presence c параметрами (), {}. Вызов из модуля __main__. Вызов из функции main().Вызов из функции main
Разбор сообщения от сервера: {'response': 200}
Была вызвана функция process_ans c параметрами ({'response': 200},), {}. Вызов из модуля __main__. Вызов из функции main().Вызов из функции main
Принят ответ от сервера 200 : OK
Сформирован словарь сообщения: {'action': 'message', 'time': 1690469415.7003767, 'account_name': 'Guest', 'mess_text': 'asdasd'}
Была вызвана функция create_message c параметрами (<socket.socket fd=344, family=2, type=1, proto=0, laddr=('127.0.0.1', 58007), raddr=('127.0.0.1', 7777)>,), {}. Вызов из модуля __main__. Вызов из функции main().Вызов из функции main
Получено сообщение от пользователя Guest:
asdasd
Была вызвана функция message_from_server c параметрами ({'action': 'message', 'sender': 'Guest', 'time': 1690469416.0516677, 'mess_text': 'asdasd'},), {}. Вызов из модуля __main__. Вызов из функции main().Вызов из функции main
Была вызвана функция arg_parser c параметрами (), {}. Вызов из модуля __main__. Вызов из функции main().Вызов из функции main
Запущен клиент с парамертами: адрес сервера: 127.0.0.1, порт: 7777, режим работы: send
Сформировано presence сообщение для пользователя Guest
Была вызвана функция create_presence c параметрами (), {}. Вызов из модуля __main__. Вызов из функции main().Вызов из функции main
Была вызвана функция arg_parser c параметрами (), {}. Вызов из модуля __main__. Вызов из функции main().Вызов из функции main
Запущен клиент с парамертами: адрес сервера: 127.0.0.1, порт: 7777, режим работы: send
Сформировано presence сообщение для пользователя Guest
Разбор сообщения от сервера: {'response': 200}
Была вызвана функция create_presence c параметрами (), {}. Вызов из модуля __main__. Вызов из функции main().Вызов из функции main
Была вызвана функция process_ans c параметрами ({'response': 200},), {}. Вызов из модуля __main__. Вызов из функции main().Вызов из функции main
Принят ответ от сервера 200 : OK
Была вызвана функция arg_parser c параметрами (), {}. Вызов из модуля __main__. Вызов из функции main().Вызов из функции main
Запущен клиент с парамертами: адрес сервера: 127.0.0.1, порт: 7777, режим работы: listen
Была вызвана функция arg_parser c параметрами (), {}. Вызов из модуля __main__. Вызов из функции main().Вызов из функции main
Запущен клиент с парамертами: адрес сервера: 127.0.0.1, порт: 7777, режим работы: listen
Сформировано presence сообщение для пользователя Guest
Сформировано presence сообщение для пользователя Guest
Разбор сообщения от сервера: {'response': 200}
Была вызвана функция create_presence c параметрами (), {}. Вызов из модуля __main__. Вызов из функции main().Вызов из функции main
Была вызвана функция create_presence c параметрами (), {}. Вызов из модуля __main__. Вызов из функции main().Вызов из функции main
Была вызвана функция process_ans c параметрами ({'response': 200},), {}. Вызов из модуля __main__. Вызов из функции main().Вызов из функции main
Принят ответ от сервера 200 : OK
Разбор сообщения от сервера: {'response': 200}
Была вызвана функция arg_parser c параметрами (), {}. Вызов из модуля __main__. Вызов из функции main().Вызов из функции main
Запущен клиент с парамертами: адрес сервера: 127.0.0.1, порт: 7777, режим работы: listen
Была вызвана функция process_ans c параметрами ({'response': 200},), {}. Вызов из модуля __main__. Вызов из функции main().Вызов из функции main
Принят ответ от сервера 200 : OK
Разбор сообщения от сервера: {'response': 200}
Сформировано presence сообщение для пользователя Guest
Была вызвана функция process_ans c параметрами ({'response': 200},), {}. Вызов из модуля __main__. Вызов из функции main().Вызов из функции main
Принят ответ от сервера 200 : OK
Была вызвана функция create_presence c параметрами (), {}. Вызов из модуля __main__. Вызов из функции main().Вызов из функции main
Была вызвана функция arg_parser c параметрами (), {}. Вызов из модуля __main__. Вызов из функции main().Вызов из функции main
Запущен клиент с парамертами: адрес сервера: 127.0.0.1, порт: 7777, режим работы: listen
Сформировано presence сообщение для пользователя Guest
Разбор сообщения от сервера: {'response': 200}
Была вызвана функция create_presence c параметрами (), {}. Вызов из модуля __main__. Вызов из функции main().Вызов из функции main
Была вызвана функция process_ans c параметрами ({'response': 200},), {}. Вызов из модуля __main__. Вызов из функции main().Вызов из функции main
Принят ответ от сервера 200 : OK
Была вызвана функция arg_parser c параметрами (), {}. Вызов из модуля __main__. Вызов из функции main().Вызов из функции main
Запущен клиент с парамертами: адрес сервера: 127.0.0.1, порт: 7777, режим работы: listen
Сформировано presence сообщение для пользователя Guest
Разбор сообщения от сервера: {'response': 200}
Была вызвана функция create_presence c параметрами (), {}. Вызов из модуля __main__. Вызов из функции main().Вызов из функции main
Была вызвана функция process_ans c параметрами ({'response': 200},), {}. Вызов из модуля __main__. Вызов из функции main().Вызов из функции main
Принят ответ от сервера 200 : OK
Разбор сообщения от сервера: {'response': 200}
Была вызвана функция process_ans c параметрами ({'response': 200},), {}. Вызов из модуля __main__. Вызов из функции main().Вызов из функции main
Принят ответ от сервера 200 : OK
Соединение с сервером 127.0.0.1 было потеряно.
Соединение с сервером 127.0.0.1 было потеряно.
Соединение с сервером 127.0.0.1 было потеряно.
Была вызвана функция arg_parser c параметрами (), {}. Вызов из модуля __main__. Вызов из функции main().Вызов из функции main
Запущен клиент с парамертами: адрес сервера: 127.0.0.1, порт: 7777, имя пользователя: test2
Запущен клиент с парамертами: адрес сервера: 127.0.0.1, порт: 7777, имя пользователя: test1
Сформировано presence сообщение для пользователя test2
Сформировано presence сообщение для пользователя test1
Была вызвана функция create_presence c параметрами ('test2',), {}. Вызов из модуля __main__. Вызов из функции main().Вызов из функции main
Была вызвана функция create_presence c параметрами ('test1',), {}. Вызов из модуля __main__. Вызов из функции main().Вызов из функции main
Разбор приветственного сообщения от сервера: {'response': 200}
Была вызвана функция process_response_ans c параметрами ({'response': 200},), {}. Вызов из модуля __main__. Вызов из функции main().Вызов из функции main
Установлено соединение с сервером. Ответ сервера: 200 : OK
Разбор приветственного сообщения от сервера: {'response': 200}
Была вызвана функция process_response_ans c параметрами ({'response': 200},), {}. Вызов из модуля __main__. Вызов из функции main().Вызов из функции main
Установлено соединение с сервером. Ответ сервера: 200 : OK
Запущены процессы
Запущены процессы
Была вызвана функция arg_parser c параметрами (), {}. Вызов из модуля __main__. Вызов из функции main().Вызов из функции main
Запущен клиент с парамертами: адрес сервера: 127.0.0.1, порт: 7777, имя пользователя: test3
Сформировано presence сообщение для пользователя test3
Была вызвана функция create_presence c параметрами ('test3',), {}. Вызов из модуля __main__. Вызов из функции main().Вызов из функции main
Разбор приветственного сообщения от сервера: {'response': 200}
Была вызвана функция process_response_ans c параметрами ({'response': 200},), {}. Вызов из модуля __main__. Вызов из функции main().Вызов из функции main
Установлено соединение с сервером. Ответ сервера: 200 : OK
Запущены процессы
Была вызвана функция arg_parser c параметрами (), {}. Вызов из модуля __main__. Вызов из функции main().Вызов из функции main
Запущен клиент с парамертами: адрес сервера: 127.0.0.1, порт: 7777, имя пользователя: test1
Сформировано presence сообщение для пользователя test1
Была вызвана функция create_presence c параметрами ('test1',), {}. Вызов из модуля __main__. Вызов из функции main().Вызов из функции main
Была вызвана функция arg_parser c параметрами (), {}. Вызов из модуля __main__. Вызов из функции main().Вызов из функции main
Запущен клиент с парамертами: адрес сервера: 127.0.0.1, порт: 7777, имя пользователя: test3
Была вызвана функция arg_parser c параметрами (), {}. Вызов из модуля __main__. Вызов из функции main().Вызов из функции main
Запущен клиент с парамертами: адрес сервера: 127.0.0.1, порт: 7777, имя пользователя: test2
Сформировано presence сообщение для пользователя test3
Сформировано presence сообщение для пользователя test2
Была вызвана функция create_presence c параметрами ('test3',), {}. Вызов из модуля __main__. Вызов из функции main().Вызов из функции main
Разбор приветственного сообщения от сервера: {'response': 200}
Была вызвана функция create_presence c параметрами ('test2',), {}. Вызов из модуля __main__. Вызов из функции main().Вызов из функции main
Была вызвана функция process_response_ans c параметрами ({'response': 200},), {}. Вызов из модуля __main__. Вызов из функции main().Вызов из функции main
Установлено соединение с сервером. Ответ сервера: 200 : OK
Разбор приветственного сообщения от сервера: {'response': 200}
Запущены процессы
Разбор приветственного сообщения от сервера: {'response': 200}
Была вызвана функция process_response_ans c параметрами ({'response': 200},), {}. Вызов из модуля __main__. Вызов из функции main().Вызов из функции main
Установлено соединение с сервером. Ответ сервера: 200 : OK
Была вызвана функция process_response_ans c параметрами ({'response': 200},), {}. Вызов из модуля __main__. Вызов из функции main().Вызов из функции main
Установлено соединение с сервером. Ответ сервера: 200 : OK
Запущены процессы
Запущены процессы
Сформирован словарь сообщения: {'action': 'message', 'from': 'test3', 'to': 'user', 'time': 1690539533.755986, 'mess_text': 'asdasd'}
Отправлено сообщение для пользователя user
Была вызвана функция create_message c параметрами (<socket.socket fd=492, family=2, type=1, proto=0, laddr=('127.0.0.1', 64953), raddr=('127.0.0.1', 7777)>, 'test3'), {}. Вызов из модуля __main__. Вызов из функции self._bootstrap_inner().Вызов из функции user_interactive
Потеряно соединение с сервером.
Была вызвана функция message_from_server c параметрами (<socket.socket fd=428, family=2, type=1, proto=0, laddr=('127.0.0.1', 64954), raddr=('127.0.0.1', 7777)>, 'test2'), {}. Вызов из модуля __main__. Вызов из функции self._bootstrap_inner().Вызов из функции run
Потеряно соединение с сервером.
Была вызвана функция message_from_server c параметрами (<socket.socket fd=492, family=2, type=1, proto=0, laddr=('127.0.0.1', 64953), raddr=('127.0.0.1', 7777)>, 'test3'), {}. Вызов из модуля __main__. Вызов из функции self._bootstrap_inner().Вызов из функции run
Была вызвана функция arg_parser c параметрами (), {}. Вызов из модуля __main__. Вызов из функции main().Вызов из функции main
Запущен клиент с парамертами: адрес сервера: 127.0.0.1, порт: 7777, имя пользователя: test1
Была вызвана функция arg_parser c параметрами (), {}. Вызов из модуля __main__. Вызов из функции main().Вызов из функции main
Запущен клиент с парамертами: адрес сервера: 127.0.0.1, порт: 7777, имя пользователя: test3
Сформировано presence сообщение для пользователя test3
Была вызвана функция create_presence c параметрами ('test3',), {}. Вызов из модуля __main__. Вызов из функции main().Вызов из функции main
Была вызвана функция arg_parser c параметрами (), {}. Вызов из модуля __main__. Вызов из функции main().Вызов из функции main
Запущен клиент с парамертами: адрес сервера: 127.0.0.1, порт: 7777, имя пользователя: test2
Сформировано presence сообщение для пользователя test2
Была вызвана функция create_presence c параметрами ('test2',), {}. Вызов из модуля __main__. Вызов из функции main().Вызов из функции main
Разбор приветственного сообщения от сервера: {'response': 200}
Была вызвана функция process_response_ans c параметрами ({'response': 200},), {}. Вызов из модуля __main__. Вызов из функции main().Вызов из функции main
Установлено соединение с сервером. Ответ сервера: 200 : OK
Запущены процессы
Сформировано presence сообщение для пользователя test1
Разбор приветственного сообщения от сервера: {'response': 200}
Была вызвана функция create_presence c параметрами ('test1',), {}. Вызов из модуля __main__. Вызов из функции main().Вызов из функции main
Была вызвана функция process_response_ans c параметрами ({'response': 200},), {}. Вызов из модуля __main__. Вызов из функции main().Вызов из функции main
Установлено соединение с сервером. Ответ сервера: 200 : OK
Запущены процессы
Разбор приветственного сообщения от сервера: {'response': 200}
Была вызвана функция process_response_ans c параметрами ({'response': 200},), {}. Вызов из модуля __main__. Вызов из функции main().Вызов из функции main
Установлено соединение с сервером. Ответ сервера: 200 : OK
Запущены процессы
Потеряно соединение с сервером.
Потеряно соединение с сервером.
Была вызвана функция message_from_server c параметрами (<socket.socket fd=484, family=2, type=1, proto=0, laddr=('127.0.0.1', 64964), raddr=('127.0.0.1', 7777)>, 'test3'), {}. Вызов из модуля __main__. Вызов из функции self._bootstrap_inner().Вызов из функции run
Была вызвана функция message_from_server c параметрами (<socket.socket fd=452, family=2, type=1, proto=0, laddr=('127.0.0.1', 64963), raddr=('127.0.0.1', 7777)>, 'test1'), {}. Вызов из модуля __main__. Вызов из функции self._bootstrap_inner().Вызов из функции run
Была вызвана функция arg_parser c параметрами (), {}. Вызов из модуля __main__. Вызов из функции main().Вызов из функции main
Запущен клиент с парамертами: адрес сервера: 127.0.0.1, порт: 7777, имя пользователя: user
Не удалось подключиться к серверу 127.0.0.1:7777, конечный компьютер отверг запрос на подключение.
Была вызвана функция arg_parser c параметрами (), {}. Вызов из модуля __main__. Вызов из функции main().Вызов из функции main
Запущен клиент с парамертами: адрес сервера: 127.0.0.1, порт: 7777, имя пользователя: test1
Сформировано presence сообщение для пользователя test1
Была вызвана функция create_presence c параметрами ('test1',), {}. Вызов из модуля __main__. Вызов из функции main().Вызов из функции main
Разбор приветственного сообщения от сервера: {'response': 200}
Была вызвана функция process_response_ans c параметрами ({'response': 200},), {}. Вызов из модуля __main__. Вызов из функции main().Вызов из функции main
Установлено соединение с сервером. Ответ сервера: 200 : OK
Запущены процессы
Была вызвана функция arg_parser c параметрами (), {}. Вызов из модуля __main__. Вызов из функции main().Вызов из функции main
Запущен клиент с парамертами: адрес сервера: 127.0.0.1, порт: 7777, имя пользователя: user
Сформировано presence сообщение для пользователя user
Была вызвана функция create_presence c параметрами ('user',), {}. Вызов из модуля __main__. Вызов из функции main().Вызов из функции main
Разбор приветственного сообщения от сервера: {'response': 200}
Была вызвана функция process_response_ans c параметрами ({'response': 200},), {}. Вызов из модуля __main__. Вызов из функции main().Вызов из функции main
Установлено соединение с сервером. Ответ сервера: 200 : OK
Запущены процессы
Сформирован словарь сообщения: {'action': 'message', 'from': 'test1', 'to': 'user', 'time': 1690539745.3145843, 'mess_text': 'asdasd'}
Отправлено сообщение для пользователя user
Была вызвана функция create_message c параметрами (<socket.socket fd=520, family=2, type=1, proto=0, laddr=('127.0.0.1', 64975), raddr=('127.0.0.1', 7777)>, 'test1'), {}. Вызов из модуля __main__. Вызов из функции self._bootstrap_inner().Вызов из функции user_interactive
Получено сообщение от пользователя test1:
asdasd
Попытка запуска клиента с неподходящим номером порта: 70000. Допустимы адреса с 1024 до 65535. Клиент завершается.
Попытка запуска клиента с неподходящим номером порта: 70000. Допустимы адреса с 1024 до 65535. Клиент завершается.
Попытка запуска клиента с неподходящим номером порта: 70000. Допустимы адреса с 1024 до 65535. Клиент завершается.
Попытка запуска клиента с неподходящим номером порта: 70000. Допустимы адреса с 1024 до 65535. Клиент завершается.
Попытка запуска клиента с неподходящим номером порта: 70000. Допустимы адреса с 1024 до 65535. Клиент завершается.
Попытка запуска клиента с неподходящим номером порта: 70000. Допустимы адреса с 1024 до 65535. Клиент завершается.
Попытка запуска клиента с неподходящим номером порта: 70000. Допустимы адреса с 1024 до 65535. Клиент завершается.
Попытка запуска клиента с неподходящим номером порта: 70000. Допустимы адреса с 1024 до 65535. Клиент завершается.
Попытка запуска клиента с неподходящим номером порта: 70000. Допустимы адреса с 1024 до 65535. Клиент завершается.
Попытка запуска клиента с неподходящим номером порта: 70000. Допустимы адреса с 1024 до 65535. Клиент завершается.
Была вызвана функция arg_parser c параметрами (), {}. Вызов из модуля __main__. Вызов из функции main().Вызов из функции main
Запущен клиент с парамертами: адрес сервера: 127.0.0.1 , порт: 7000, имя пользователя: user
Сформировано presence сообщение для пользователя user
Была вызвана функция create_presence c параметрами ('user',), {}. Вызов из модуля __main__. Вызов из функции main().Вызов из функции main
Разбор приветственного сообщения от сервера: {'response': 200}
Была вызвана функция process_response_ans c параметрами ({'response': 200},), {}. Вызов из модуля __main__. Вызов из функции main().Вызов из функции main
Установлено соединение с сервером. Ответ сервера: 200 : OK
Запущены процессы
Была вызвана функция arg_parser c параметрами (), {}. Вызов из модуля __main__. Вызов из функции main().Вызов из функции main
Запущен клиент с парамертами: адрес сервера: 127.0.0.1 , порт: 7000, имя пользователя: igor
Сформировано presence сообщение для пользователя igor
Была вызвана функция create_presence c параметрами ('igor',), {}. Вызов из модуля __main__. Вызов из функции main().Вызов из функции main
Разбор приветственного сообщения от сервера: {'response': 200}
Была вызвана функция process_response_ans c параметрами ({'response': 200},), {}. Вызов из модуля __main__. Вызов из функции main().Вызов из функции main
Установлено соединение с сервером. Ответ сервера: 200 : OK
Запущены процессы
Сформирован словарь сообщения: {'action': 'message', 'from': 'Guest', 'to': 'igor', 'time': 1690695609.7860427, 'mess_text': 'sdfsdf'}
Потеряно соединение с сервером.
Была вызвана функция arg_parser c параметрами (), {}. Вызов из модуля __main__. Вызов из функции main().Вызов из функции main
Была вызвана функция arg_parser c параметрами (), {}. Вызов из модуля __main__. Вызов из функции main().Вызов из функции main
Запущен клиент с парамертами: адрес сервера: 127.0.0.1 , порт: 7000, имя пользователя: user
Сформировано presence сообщение для пользователя user
Была вызвана функция create_presence c параметрами ('user',), {}. Вызов из модуля __main__. Вызов из функции main().Вызов из функции main
Разбор приветственного сообщения от сервера: {'response': 200}
Была вызвана функция process_response_ans c параметрами ({'response': 200},), {}. Вызов из модуля __main__. Вызов из функции main().Вызов из функции main
Установлено соединение с сервером. Ответ сервера: 200 : OK
Запущены процессы
Была вызвана функция arg_parser c параметрами (), {}. Вызов из модуля __main__. Вызов из функции main().Вызов из функции main
Запущен клиент с парамертами: адрес сервера: 127.0.0.1 , порт: 7000, имя пользователя: user2
Сформировано presence сообщение для пользователя user2
Была вызвана функция create_presence c параметрами ('user2',), {}. Вызов из модуля __main__. Вызов из функции main().Вызов из функции main
Разбор приветственного сообщения от сервера: {'response': 200}
Была вызвана функция process_response_ans c параметрами ({'response': 200},), {}. Вызов из модуля __main__. Вызов из функции main().Вызов из функции main
Установлено соединение с сервером. Ответ сервера: 200 : OK
Запущены процессы
Сформирован словарь сообщения: {'action': 'message', 'from': 'Guest', 'to': 'user2', 'time': 1690696722.419956, 'mess_text': 'sdfsdf'}
Потеряно соединение с сервером.
Была вызвана функция arg_parser c параметрами (), {}. Вызов из модуля __main__. Вызов из функции main().Вызов из функции main
Запущен клиент с парамертами: адрес сервера: 127.0.0.1 , порт: 7000, имя пользователя: user2
Сформировано presence сообщение для пользователя user2
Была вызвана функция create_presence c параметрами ('user2',), {}. Вызов из модуля __main__. Вызов из функции main().Вызов из функции main
Разбор приветственного сообщения от сервера: {'response': 400, 'error': 'Имя пользователя уже занято.'}
При установке соединения сервер вернул ошибку: 400 : Имя пользователя уже занято.
Была вызвана функция arg_parser c параметрами (), {}. Вызов из модуля __main__. Вызов из функции main().Вызов из функции main
Запущен клиент с парамертами: адрес сервера: 127.0.0.1 , порт: 7000, имя пользователя: user
Сформировано presence сообщение для пользователя user
Была вызвана функция create_presence c параметрами ('user',), {}. Вызов из модуля __main__. Вызов из функции main().Вызов из функции main
Разбор приветственного сообщения от сервера: {'response': 400, 'error': 'Имя пользователя уже занято.'}
При установке соединения сервер вернул ошибку: 400 : Имя пользователя уже занято.
Была вызвана функция arg_parser c параметрами (), {}. Вызов из модуля __main__. Вызов из функции main().Вызов из функции main
Запущен клиент с парамертами: адрес сервера: 127.0.0.1 , порт: 7000, имя пользователя: user3
Сформировано presence сообщение для пользователя user3
Была вызвана функция create_presence c параметрами ('user3',), {}. Вызов из модуля __main__. Вызов из функции main().Вызов из функции main
Разбор приветственного сообщения от сервера: {'response': 200}
Была вызвана функция process_response_ans c параметрами ({'response': 200},), {}. Вызов из модуля __main__. Вызов из функции main().Вызов из функции main
Установлено соединение с сервером. Ответ сервера: 200 : OK
Запущены процессы
Сформирован словарь сообщения: {'action': 'message', 'from': 'Guest', 'to': 'user2', 'time': 1690696803.1064484, 'mess_text': 'sdfsdf'}
Потеряно соединение с сервером.
Была вызвана функция arg_parser c параметрами (), {}. Вызов из модуля __main__. Вызов из функции main().Вызов из функции main
Запущен клиент с парамертами: адрес сервера: 127.0.0.1 , порт: 7000, имя пользователя: user
Сформировано presence сообщение для пользователя user
Была вызвана функция create_presence c параметрами ('user',), {}. Вызов из модуля __main__. Вызов из функции main().Вызов из функции main
Разбор приветственного сообщения от сервера: {'response': 200}
Была вызвана функция process_response_ans c параметрами ({'response': 200},), {}. Вызов из модуля __main__. Вызов из функции main().Вызов из функции main
Установлено соединение с сервером. Ответ сервера: 200 : OK
Запущены процессы
Была вызвана функция arg_parser c параметрами (), {}. Вызов из модуля __main__. Вызов из функции main().Вызов из функции main
Запущен клиент с парамертами: адрес сервера: 127.0.0.1 , порт: 7000, имя пользователя: user2
Сформировано presence сообщение для пользователя user2
Была вызвана функция create_presence c параметрами ('user2',), {}. Вызов из модуля __main__. Вызов из функции main().Вызов из функции main
Разбор приветственного сообщения от сервера: {'response': 200}
Была вызвана функция process_response_ans c параметрами ({'response': 200},), {}. Вызов из модуля __main__. Вызов из функции main().Вызов из функции main
Установлено соединение с сервером. Ответ сервера: 200 : OK
Запущены процессы
Сформирован словарь сообщения: {'action': 'message', 'from': 'Guest', 'to': 'user', 'time': 1690696872.6455743, 'mess_text': 'asdfasd'}
Потеряно соединение с сервером.
Была вызвана функция arg_parser c параметрами (), {}. Вызов из модуля __main__. Вызов из функции main().Вызов из функции main
Запущен клиент с парамертами: адрес сервера: 127.0.0.1 , порт: 7000, имя пользователя: user
Сформировано presence сообщение для пользователя user
Была вызвана функция create_presence c параметрами ('user',), {}. Вызов из модуля __main__. Вызов из функции main().Вызов из функции main
Разбор приветственного сообщения от сервера: {'response': 200}
Была вызвана функция process_response_ans c параметрами ({'response': 200},), {}. Вызов из модуля __main__. Вызов из функции main().Вызов из функции main
Установлено соединение с сервером. Ответ сервера: 200 : OK
Запущены процессы
Была вызвана функция arg_parser c параметрами (), {}. Вызов из модуля __main__. Вызов из функции main().Вызов из функции main
Запущен клиент с парамертами: адрес сервера: 127.0.0.1 , порт: 7000, имя пользователя: user2
Сформировано presence сообщение для пользователя user2
Была вызвана функция create_presence c параметрами ('user2',), {}. Вызов из модуля __main__. Вызов из функции main().Вызов из функции main
Разбор приветственного сообщения от сервера: {'response': 200}
Была вызвана функция process_response_ans c параметрами ({'response': 200},), {}. Вызов из модуля __main__. Вызов из функции main().Вызов из функции main
Установлено соединение с сервером. Ответ сервера: 200 : OK
Запущены процессы
Была вызвана функция arg_parser c параметрами (), {}. Вызов из модуля __main__. Вызов из функции main().Вызов из функции main
Запущен клиент с парамертами: адрес сервера: 127.0.0.1 , порт: 7000, имя пользователя: user2
Сформировано presence сообщение для пользователя user2
Была вызвана функция create_presence c параметрами ('user2',), {}. Вызов из модуля __main__. Вызов из функции main().Вызов из функции main
Разбор приветственного сообщения от сервера: {'response': 400, 'error': 'Имя пользователя уже занято.'}
При установке соединения сервер вернул ошибку: 400 : Имя пользователя уже занято.
Была вызвана функция arg_parser c параметрами (), {}. Вызов из модуля __main__. Вызов из функции main().Вызов из функции main
Запущен клиент с парамертами: адрес сервера: 127.0.0.1 , порт: 7000, имя пользователя: user3
Сформировано presence сообщение для пользователя user3
Была вызвана функция create_presence c параметрами ('user3',), {}. Вызов из модуля __main__. Вызов из функции main().Вызов из функции main
Разбор приветственного сообщения от сервера: {'response': 200}
Была вызвана функция process_response_ans c параметрами ({'response': 200},), {}. Вызов из модуля __main__. Вызов из функции main().Вызов из функции main
Установлено соединение с сервером. Ответ сервера: 200 : OK
Запущены процессы
Сформирован словарь сообщения: {'action': 'message', 'from': 'user3', 'to': 'user', 'time': 1690697038.1744611, 'mess_text': '1123'}
Отправлено сообщение для пользователя user
Была вызвана функция create_message c параметрами (<ClientSender(Thread-2, started daemon 8104)>,), {}. Вызов из модуля __main__. Вызов из функции self._bootstrap_inner().Вызов из функции run
Получено сообщение от пользователя user3:
1123
Была вызвана функция arg_parser c параметрами (), {}. Вызов из модуля __main__. Вызов из функции main().Вызов из функции main
Запущен клиент с парамертами: адрес сервера: 127.0.0.1 , порт: 7000, имя пользователя: user1
Была вызвана функция arg_parser c параметрами (), {}. Вызов из модуля __main__. Вызов из функции main().Вызов из функции main
Была вызвана функция arg_parser c параметрами (), {}. Вызов из модуля __main__. Вызов из функции main().Вызов из функции main
Запущен клиент с парамертами: адрес сервера: 127.0.0.1 , порт: 7000, имя пользователя: user2
Запущен клиент с парамертами: адрес сервера: 127.0.0.1 , порт: 7000, имя пользователя: user1
Сформировано presence сообщение для пользователя user2
Была вызвана функция create_presence c параметрами ('user2',), {}. Вызов из модуля __main__. Вызов из функции main().Вызов из функции main
Была вызвана функция create_presence c параметрами ('user1',), {}. Вызов из модуля __main__. Вызов из функции main().Вызов из функции main
Была вызвана функция arg_parser c параметрами (), {}. Вызов из модуля __main__. Вызов из функции main().Вызов из функции main
Запущен клиент с парамертами: адрес сервера: 127.0.0.1 , порт: 7000, имя пользователя: user2
Сформировано presence сообщение для пользователя user2
Была вызвана функция create_presence c параметрами ('user2',), {}. Вызов из модуля __main__. Вызов из функции main().Вызов из функции main
Разбор приветственного сообщения от сервера: {'response': 200}
Разбор приветственного сообщения от сервера: {'response': 200}
Была вызвана функция process_response_ans c параметрами ({'response': 200},), {}. Вызов из модуля __main__. Вызов из функции main().Вызов из функции main
Установлено соединение с сервером. Ответ сервера: 200 : OK
Установлено соединение с сервером. Ответ сервера: 200 : OK
Была вызвана функция arg_parser c параметрами (), {}. Вызов из модуля __main__. Вызов из функции main().Вызов из функции main
Запущен клиент с парамертами: адрес сервера: 127.0.0.1 , порт: 7000, имя пользователя: user2
Запущены процессы
Запущены процессы
Сформировано presence сообщение для пользователя user2
Разбор приветственного сообщения от сервера: {'response': 400, 'error': 'Имя пользователя уже занято.'}
Была вызвана функция create_presence c параметрами ('user2',), {}. Вызов из модуля __main__. Вызов из функции main().Вызов из функции main
При установке соединения сервер вернул ошибку: 400 : Имя пользователя уже занято.
Была вызвана функция arg_parser c параметрами (), {}. Вызов из модуля __main__. Вызов из функции main().Вызов из функции main
Запущен клиент с парамертами: адрес сервера: 127.0.0.1 , порт: 7000, имя пользователя: user2
Сформировано presence сообщение для пользователя user2
Была вызвана функция create_presence c параметрами ('user2',), {}. Вызов из модуля __main__. Вызов из функции main().Вызов из функции main
Разбор приветственного сообщения от сервера: {'response': 400, 'error': 'Имя пользователя уже занято.'}
При установке соединения сервер вернул ошибку: 400 : Имя пользователя уже занято.
Была вызвана функция arg_parser c параметрами (), {}. Вызов из модуля __main__. Вызов из функции main().Вызов из функции main
Запущен клиент с парамертами: адрес сервера: 127.0.0.1 , порт: 7000, имя пользователя: user2
Сформировано presence сообщение для пользователя user2
Разбор приветственного сообщения от сервера: {'response': 400, 'error': 'Имя пользователя уже занято.'}
Была вызвана функция create_presence c параметрами ('user2',), {}. Вызов из модуля __main__. Вызов из функции main().Вызов из функции main
При установке соединения сервер вернул ошибку: 400 : Имя пользователя уже занято.
Сформировано presence сообщение для пользователя user1
Разбор приветственного сообщения от сервера: {'response': 400, 'error': 'Имя пользователя уже занято.'}
Была вызвана функция create_presence c параметрами ('user1',), {}. Вызов из модуля __main__. Вызов из функции main().Вызов из функции main
При установке соединения сервер вернул ошибку: 400 : Имя пользователя уже занято.
Разбор приветственного сообщения от сервера: {'response': 400, 'error': 'Имя пользователя уже занято.'}
При установке соединения сервер вернул ошибку: 400 : Имя пользователя уже занято.
Была вызвана функция arg_parser c параметрами (), {}. Вызов из модуля __main__. Вызов из функции main().Вызов из функции main
Запущен клиент с парамертами: адрес сервера: 127.0.0.1 , порт: 7000, имя пользователя: test2
Сформировано presence сообщение для пользователя test2
Была вызвана функция create_presence c параметрами ('test2',), {}. Вызов из модуля __main__. Вызов из функции main().Вызов из функции main
Была вызвана функция arg_parser c параметрами (), {}. Вызов из модуля __main__. Вызов из функции main().Вызов из функции main
Запущен клиент с парамертами: адрес сервера: 127.0.0.1 , порт: 7000, имя пользователя: test1
Сформировано presence сообщение для пользователя test1
Разбор приветственного сообщения от сервера: {'response': 200}
Была вызвана функция create_presence c параметрами ('test1',), {}. Вызов из модуля __main__. Вызов из функции main().Вызов из функции main
Была вызвана функция process_response_ans c параметрами ({'response': 200},), {}. Вызов из модуля __main__. Вызов из функции main().Вызов из функции main
Установлено соединение с сервером. Ответ сервера: 200 : OK
Запущены процессы
Разбор приветственного сообщения от сервера: {'response': 200}
Была вызвана функция process_response_ans c параметрами ({'response': 200},), {}. Вызов из модуля __main__. Вызов из функции main().Вызов из функции main
Установлено соединение с сервером. Ответ сервера: 200 : OK
Запущены процессы
Была вызвана функция arg_parser c параметрами (), {}. Вызов из модуля __main__. Вызов из функции main().Вызов из функции main
Запущен клиент с парамертами: адрес сервера: 127.0.0.1 , порт: 7000, имя пользователя: test1
Сформировано presence сообщение для пользователя test1
Была вызвана функция create_presence c параметрами ('test1',), {}. Вызов из модуля __main__. Вызов из функции main().Вызов из функции main
Была вызвана функция arg_parser c параметрами (), {}. Вызов из модуля __main__. Вызов из функции main().Вызов из функции main
Запущен клиент с парамертами: адрес сервера: 127.0.0.1 , порт: 7000, имя пользователя: test2
Сформировано presence сообщение для пользователя test2
Разбор приветственного сообщения от сервера: {'response': 200}
Была вызвана функция create_presence c параметрами ('test2',), {}. Вызов из модуля __main__. Вызов из функции main().Вызов из функции main
Была вызвана функция process_response_ans c параметрами ({'response': 200},), {}. Вызов из модуля __main__. Вызов из функции main().Вызов из функции main
Установлено соединение с сервером. Ответ сервера: 200 : OK
Запущены процессы
Разбор приветственного сообщения от сервера: {'response': 200}
Была вызвана функция process_response_ans c параметрами ({'response': 200},), {}. Вызов из модуля __main__. Вызов из функции main().Вызов из функции main
Установлено соединение с сервером. Ответ сервера: 200 : OK
Запущены процессы
Сформирован словарь сообщения: {'action': 'message', 'from': 'test2', 'to': 'test1', 'time': 1690697293.9344044, 'mess_text': 'sdfsdf'}
Отправлено сообщение для пользователя test1
Была вызвана функция create_message c параметрами (<ClientSender(Thread-2, started daemon 6092)>,), {}. Вызов из модуля __main__. Вызов из функции self._bootstrap_inner().Вызов из функции run
Получено сообщение от пользователя test2:
sdfsdf
